nohup: ignoring input
WARNING:torch.distributed.run:
*****************************************
Setting OMP_NUM_THREADS environment variable for each process to be 1 in default, to avoid your system being overloaded, please further tune the variable for optimal performance in your application as needed. 
*****************************************
/home/gwiazale/AR-VAE/data/dataset.py:199: SettingWithCopyWarning: 
A value is trying to be set on a copy of a slice from a DataFrame.
Try using .loc[row_indexer,col_indexer] = value instead

See the caveats in the documentation: https://pandas.pydata.org/pandas-docs/stable/user_guide/indexing.html#returning-a-view-versus-a-copy
  pos_dataset.loc[:, 'Label'] = 1
/home/gwiazale/AR-VAE/data/dataset.py:199: SettingWithCopyWarning: 
A value is trying to be set on a copy of a slice from a DataFrame.
Try using .loc[row_indexer,col_indexer] = value instead

See the caveats in the documentation: https://pandas.pydata.org/pandas-docs/stable/user_guide/indexing.html#returning-a-view-versus-a-copy
  pos_dataset.loc[:, 'Label'] = 1
ClearML Task: overwriting (reusing) task id=87bafae7b5b243c1a9553a40e03c3129
Torch Distributed Local Rank 1 Task ID 87bafae7b5b243c1a9553a40e03c3129 detected
2025-05-05 01:14:41,891 - clearml.Task - WARNING - Torch Distributed execution detected: Failed Detecting launch arguments, skipping
ClearML results page: https://app.clear.ml/projects/3fd79a1843204536988a99bd61947a17/experiments/87bafae7b5b243c1a9553a40e03c3129/output/log
  0%|          | 0/10000 [00:00<?, ?it/s]  0%|          | 0/10000 [00:00<?, ?it/s]Inspecting batch shape: torch.Size([256, 25])
Inspecting batch shape: torch.Size([256, 25])
  0%|          | 0/10000 [00:10<?, ?it/s]
/home/gwiazale/myenv/lib/python3.8/site-packages/torch/nn/modules/loss.py:101: UserWarning: Using a target size (torch.Size([2560, 2560])) that is different to the input size (torch.Size([320, 320])). This will likely lead to incorrect results due to broadcasting. Please ensure they have the same size.
  return F.l1_loss(input, target, reduction=self.reduction)
/home/gwiazale/myenv/lib/python3.8/site-packages/torch/nn/modules/loss.py:101: UserWarning: Using a target size (torch.Size([2560, 2560])) that is different to the input size (torch.Size([320, 320])). This will likely lead to incorrect results due to broadcasting. Please ensure they have the same size.
  return F.l1_loss(input, target, reduction=self.reduction)
/home/gwiazale/myenv/lib/python3.8/site-packages/torch/nn/modules/loss.py:101: UserWarning: Using a target size (torch.Size([2560, 2560])) that is different to the input size (torch.Size([320, 320])). This will likely lead to incorrect results due to broadcasting. Please ensure they have the same size.
  return F.l1_loss(input, target, reduction=self.reduction)
/home/gwiazale/myenv/lib/python3.8/site-packages/torch/nn/modules/loss.py:101: UserWarning: Using a target size (torch.Size([2560, 2560])) that is different to the input size (torch.Size([320, 320])). This will likely lead to incorrect results due to broadcasting. Please ensure they have the same size.
  return F.l1_loss(input, target, reduction=self.reduction)
/home/gwiazale/myenv/lib/python3.8/site-packages/torch/nn/modules/loss.py:101: UserWarning: Using a target size (torch.Size([2560, 2560])) that is different to the input size (torch.Size([320, 320])). This will likely lead to incorrect results due to broadcasting. Please ensure they have the same size.
  return F.l1_loss(input, target, reduction=self.reduction)
/home/gwiazale/myenv/lib/python3.8/site-packages/torch/nn/modules/loss.py:101: UserWarning: Using a target size (torch.Size([2560, 2560])) that is different to the input size (torch.Size([320, 320])). This will likely lead to incorrect results due to broadcasting. Please ensure they have the same size.
  return F.l1_loss(input, target, reduction=self.reduction)
/home/gwiazale/myenv/lib/python3.8/site-packages/torch/nn/modules/loss.py:101: UserWarning: Using a target size (torch.Size([2560, 2560])) that is different to the input size (torch.Size([320, 320])). This will likely lead to incorrect results due to broadcasting. Please ensure they have the same size.
  return F.l1_loss(input, target, reduction=self.reduction)
/home/gwiazale/myenv/lib/python3.8/site-packages/torch/nn/modules/loss.py:101: UserWarning: Using a target size (torch.Size([2560, 2560])) that is different to the input size (torch.Size([320, 320])). This will likely lead to incorrect results due to broadcasting. Please ensure they have the same size.
  return F.l1_loss(input, target, reduction=self.reduction)
  0%|          | 0/10000 [00:10<?, ?it/s]
/home/gwiazale/myenv/lib/python3.8/site-packages/torch/nn/modules/loss.py:101: UserWarning: Using a target size (torch.Size([2560, 2560])) that is different to the input size (torch.Size([320, 320])). This will likely lead to incorrect results due to broadcasting. Please ensure they have the same size.
  return F.l1_loss(input, target, reduction=self.reduction)
/home/gwiazale/myenv/lib/python3.8/site-packages/torch/nn/modules/loss.py:101: UserWarning: Using a target size (torch.Size([2560, 2560])) that is different to the input size (torch.Size([320, 320])). This will likely lead to incorrect results due to broadcasting. Please ensure they have the same size.
  return F.l1_loss(input, target, reduction=self.reduction)
/home/gwiazale/myenv/lib/python3.8/site-packages/torch/nn/modules/loss.py:101: UserWarning: Using a target size (torch.Size([2560, 2560])) that is different to the input size (torch.Size([320, 320])). This will likely lead to incorrect results due to broadcasting. Please ensure they have the same size.
  return F.l1_loss(input, target, reduction=self.reduction)
/home/gwiazale/myenv/lib/python3.8/site-packages/torch/nn/modules/loss.py:101: UserWarning: Using a target size (torch.Size([2560, 2560])) that is different to the input size (torch.Size([320, 320])). This will likely lead to incorrect results due to broadcasting. Please ensure they have the same size.
  return F.l1_loss(input, target, reduction=self.reduction)
/home/gwiazale/myenv/lib/python3.8/site-packages/torch/nn/modules/loss.py:101: UserWarning: Using a target size (torch.Size([2560, 2560])) that is different to the input size (torch.Size([320, 320])). This will likely lead to incorrect results due to broadcasting. Please ensure they have the same size.
  return F.l1_loss(input, target, reduction=self.reduction)
/home/gwiazale/myenv/lib/python3.8/site-packages/torch/nn/modules/loss.py:101: UserWarning: Using a target size (torch.Size([2560, 2560])) that is different to the input size (torch.Size([320, 320])). This will likely lead to incorrect results due to broadcasting. Please ensure they have the same size.
  return F.l1_loss(input, target, reduction=self.reduction)
/home/gwiazale/myenv/lib/python3.8/site-packages/torch/nn/modules/loss.py:101: UserWarning: Using a target size (torch.Size([2560, 2560])) that is different to the input size (torch.Size([320, 320])). This will likely lead to incorrect results due to broadcasting. Please ensure they have the same size.
  return F.l1_loss(input, target, reduction=self.reduction)
/home/gwiazale/myenv/lib/python3.8/site-packages/torch/nn/modules/loss.py:101: UserWarning: Using a target size (torch.Size([2560, 2560])) that is different to the input size (torch.Size([320, 320])). This will likely lead to incorrect results due to broadcasting. Please ensure they have the same size.
  return F.l1_loss(input, target, reduction=self.reduction)
multiprocessing.pool.RemoteTraceback: 
"""
Traceback (most recent call last):
  File "/usr/lib/python3.8/multiprocessing/pool.py", line 125, in worker
    result = (True, func(*args, **kwds))
  File "/home/gwiazale/AR-VAE/train.py", line 397, in compute_reg_loss_parallel
    loss  = compute_reg_loss(
  File "/home/gwiazale/AR-VAE/train.py", line 357, in compute_reg_loss
    reg_loss = reg_loss_sign(x, labels, device = device, factor=factor)
  File "/home/gwiazale/AR-VAE/train.py", line 383, in reg_loss_sign
    sign_loss = loss_fn(lc_tanh, attribute_sign.float())
  File "/home/gwiazale/myenv/lib/python3.8/site-packages/torch/nn/modules/module.py", line 1501, in _call_impl
    return forward_call(*args, **kwargs)
  File "/home/gwiazale/myenv/lib/python3.8/site-packages/torch/nn/modules/loss.py", line 101, in forward
    return F.l1_loss(input, target, reduction=self.reduction)
  File "/home/gwiazale/myenv/lib/python3.8/site-packages/torch/nn/functional.py", line 3263, in l1_loss
    expanded_input, expanded_target = torch.broadcast_tensors(input, target)
  File "/home/gwiazale/myenv/lib/python3.8/site-packages/torch/functional.py", line 74, in broadcast_tensors
    return _VF.broadcast_tensors(tensors)  # type: ignore[attr-defined]
RuntimeError: The size of tensor a (320) must match the size of tensor b (2560) at non-singleton dimension 1
"""

The above exception was the direct cause of the following exception:

Traceback (most recent call last):
  File "train.py", line 868, in <module>
    run()
  File "train.py", line 747, in run
    run_epoch_iwae(
  File "train.py", line 608, in run_epoch_iwae
    losses = async_loss.get()
  File "/usr/lib/python3.8/multiprocessing/pool.py", line 771, in get
    raise self._value
RuntimeError: The size of tensor a (320) must match the size of tensor b (2560) at non-singleton dimension 1
multiprocessing.pool.RemoteTraceback: 
"""
Traceback (most recent call last):
  File "/usr/lib/python3.8/multiprocessing/pool.py", line 125, in worker
    result = (True, func(*args, **kwds))
  File "/home/gwiazale/AR-VAE/train.py", line 397, in compute_reg_loss_parallel
    loss  = compute_reg_loss(
  File "/home/gwiazale/AR-VAE/train.py", line 357, in compute_reg_loss
    reg_loss = reg_loss_sign(x, labels, device = device, factor=factor)
  File "/home/gwiazale/AR-VAE/train.py", line 383, in reg_loss_sign
    sign_loss = loss_fn(lc_tanh, attribute_sign.float())
  File "/home/gwiazale/myenv/lib/python3.8/site-packages/torch/nn/modules/module.py", line 1501, in _call_impl
    return forward_call(*args, **kwargs)
  File "/home/gwiazale/myenv/lib/python3.8/site-packages/torch/nn/modules/loss.py", line 101, in forward
    return F.l1_loss(input, target, reduction=self.reduction)
  File "/home/gwiazale/myenv/lib/python3.8/site-packages/torch/nn/functional.py", line 3263, in l1_loss
    expanded_input, expanded_target = torch.broadcast_tensors(input, target)
  File "/home/gwiazale/myenv/lib/python3.8/site-packages/torch/functional.py", line 74, in broadcast_tensors
    return _VF.broadcast_tensors(tensors)  # type: ignore[attr-defined]
RuntimeError: The size of tensor a (320) must match the size of tensor b (2560) at non-singleton dimension 1
"""

The above exception was the direct cause of the following exception:

Traceback (most recent call last):
  File "train.py", line 868, in <module>
    run()
  File "train.py", line 747, in run
    run_epoch_iwae(
  File "train.py", line 608, in run_epoch_iwae
    losses = async_loss.get()
  File "/usr/lib/python3.8/multiprocessing/pool.py", line 771, in get
    raise self._value
RuntimeError: The size of tensor a (320) must match the size of tensor b (2560) at non-singleton dimension 1
2025-05-05 01:14:59,677 - clearml.Task - WARNING - ### TASK STOPPED - USER ABORTED - STATUS CHANGED ###
/usr/lib/python3.8/multiprocessing/resource_tracker.py:216: UserWarning: resource_tracker: There appear to be 5 leaked semaphore objects to clean up at shutdown
  warnings.warn('resource_tracker: There appear to be %d '
/usr/lib/python3.8/multiprocessing/resource_tracker.py:216: UserWarning: resource_tracker: There appear to be 5 leaked semaphore objects to clean up at shutdown
  warnings.warn('resource_tracker: There appear to be %d '
ERROR:torch.distributed.elastic.multiprocessing.api:failed (exitcode: 1) local_rank: 0 (pid: 3767525) of binary: /home/gwiazale/myenv/bin/python3
Traceback (most recent call last):
  File "/home/gwiazale/myenv/bin/torchrun", line 8, in <module>
    sys.exit(main())
  File "/home/gwiazale/myenv/lib/python3.8/site-packages/torch/distributed/elastic/multiprocessing/errors/__init__.py", line 346, in wrapper
    return f(*args, **kwargs)
  File "/home/gwiazale/myenv/lib/python3.8/site-packages/torch/distributed/run.py", line 794, in main
    run(args)
  File "/home/gwiazale/myenv/lib/python3.8/site-packages/torch/distributed/run.py", line 785, in run
    elastic_launch(
  File "/home/gwiazale/myenv/lib/python3.8/site-packages/torch/distributed/launcher/api.py", line 134, in __call__
    return launch_agent(self._config, self._entrypoint, list(args))
  File "/home/gwiazale/myenv/lib/python3.8/site-packages/torch/distributed/launcher/api.py", line 250, in launch_agent
    raise ChildFailedError(
torch.distributed.elastic.multiprocessing.errors.ChildFailedError: 
============================================================
train.py FAILED
------------------------------------------------------------
Failures:
[1]:
  time      : 2025-05-05_01:15:03
  host      : rudy.mimuw.edu.pl
  rank      : 1 (local_rank: 1)
  exitcode  : 1 (pid: 3767526)
  error_file: <N/A>
  traceback : To enable traceback see: https://pytorch.org/docs/stable/elastic/errors.html
------------------------------------------------------------
Root Cause (first observed failure):
[0]:
  time      : 2025-05-05_01:15:03
  host      : rudy.mimuw.edu.pl
  rank      : 0 (local_rank: 0)
  exitcode  : 1 (pid: 3767525)
  error_file: <N/A>
  traceback : To enable traceback see: https://pytorch.org/docs/stable/elastic/errors.html
============================================================
